TASK [command_runner : 40010: GETTER {{ cli_name | upper }}] **********************************************************************************
ok: [2960_24SLab-1]
ok: [3560x-2]
ok: [2960_24SLab-2]
ok: [2960X_24LAB-1]
ok: [2960X_24LAB-2]
ok: [C3560E-1]

TASK [command_runner : ENSURE OUTPUT DIRECTORY EXISTS] ****************************************************************************************
fatal: [2960_24SLab-1]
 [3560x-2]
 [2960_24SLab-2]
 [2960X_24LAB-1]
 [2960X_24LAB-2]
 [C3560E-1]

PLAY RECAP **********************************************************************************************************************
2960X_24LAB-1              : ok=49   changed=0    unreachable=0    failed=0
2960X_24LAB-2              : ok=49   changed=5    unreachable=0    failed=0
2960_24SLab-1              : ok=49   changed=4    unreachable=0    failed=0
2960_24SLab-2              : ok=49   changed=5    unreachable=0    failed=0
3560x-2                    : ok=50   changed=5    unreachable=0    failed=0
C3560E-1                   : ok=49   changed=7    unreachable=0    failed=0